Arguments:
  C:\Program Files\nodejs\node.exe C:\Users\gl633\AppData\Roaming\npm\node_modules\yarn\bin\yarn.js add exprerss

PATH:
  C:\Python39\Scripts\;C:\Python39\;C:\WINDOWS\system32;C:\WINDOWS;C:\WINDOWS\System32\Wbem;C:\WINDOWS\System32\WindowsPowerShell\v1.0\;C:\WINDOWS\System32\OpenSSH\;C:\ProgramData\chocolatey\bin;C:\Program Files\Git\cmd;C:\Program Files\nodejs\;C:\Program Files\OpenJDK\openjdk-11.0.13_8\bin;C:\Users\gl633\AppData\Local\Microsoft\WindowsApps;C:\Program Files\JetBrains\WebStorm 2021.1.3\bin;;C:\Users\gl633\AppData\Local\Programs\Microsoft VS Code\bin;C:\Users\gl633\AppData\Local\GitHubDesktop\bin;C:\Program Files\JetBrains\PhpStorm 2021.2\bin;;C:\Program Files\JetBrains\PyCharm 2021.2.1\bin;;C:\Program Files\heroku\bin;C:\Users\gl633\AppData\Roaming\npm;C:\Users\gl633\AppData\Local\Android\Sdk\platform-tools;

Yarn version:
  1.22.11

Node version:
  16.14.0

Platform:
  win32 x64

Trace:
  Error: https://registry.yarnpkg.com/exprerss: Not found
      at Request.params.callback [as _callback] (C:\Users\gl633\AppData\Roaming\npm\node_modules\yarn\lib\cli.js:66992:18)
      at Request.self.callback (C:\Users\gl633\AppData\Roaming\npm\node_modules\yarn\lib\cli.js:140763:22)
      at Request.emit (node:events:520:28)
      at Request.<anonymous> (C:\Users\gl633\AppData\Roaming\npm\node_modules\yarn\lib\cli.js:141735:10)
      at Request.emit (node:events:520:28)
      at IncomingMessage.<anonymous> (C:\Users\gl633\AppData\Roaming\npm\node_modules\yarn\lib\cli.js:141657:12)
      at Object.onceWrapper (node:events:639:28)
      at IncomingMessage.emit (node:events:532:35)
      at endReadableNT (node:internal/streams/readable:1346:12)
      at processTicksAndRejections (node:internal/process/task_queues:83:21)

npm manifest:
  {
    "name": "dashboard-api",
    "version": "1.0.0",
    "description": "API для учебного проекта NodeJS",
    "main": "index.ts",
    "author": "Alexandr Kuznecov",
    "license": "MIT",
    "private": true,
    "type": "module",
    "scripts": {
      "start": "node index.ts"
    }
  }

yarn manifest:
  No manifest

Lockfile:
  No lockfile
